Changes Made to the ZeOS Kernel:


1. Implemented the macros RESTORE_ALL and EOI in entry.S to restore the context and signal the end of an interruption, respectively.
2. Implemented the clock_routine
    1. Added the clock_routine function in interrupt.c to display the clock information.
        - Also declared in interrupt.h.
    2. Added the clock_handler in entry.S to handle clock interrupts and call the clock_routine.
    3. Initialize the entry of clock interrupt in the IDT[32] in interrupt.c 
        - With setInterruptHandler(32, clock_handler, 0);
    4. Enable the clock interrupt (timer) in hardware.S by enabling the corresponding bit in "enable_int" function.

3. Creating syscall support
    1. Added the system_call_handler in entry.S (given by the zeos.pdf)
        - Single entry point for all syscalls
    2. Modify the IDT initialization in interrupt.c 
        - Entry point 0x80, and PL=3 (user level)
        - With setTrapHandler(0x80, system_call_handler, 3);
    3. Declared the system_call_handler in interrupt.h
    4. Created wrappers.S and added to Makefile line 71.

4. Creating syscall gettime();
    - Relevant files (by order): wrappers.S, sys_call_table.S, interrupt.h, interrupt.c, wrappers.S, sys.c  
    1. Added the entry sys_gettime (position 10) inside sys_call_table.S
    2. Declared and defined a global var zeos_ticks inside interrupt.h (as extern) and interrupt.c 
    3. zeos_ticks initialized to 0 inside the main system.c
    4. Modified the clock_routine to increase the zeos_ticks
    5. Modified the wrappers.S to add the wrapper for gettime
        - Created parameter passing macros
        - Implemented the wrapper for gettime
    6. Implemented the sys_gettime function in sys.c to return the value of zeos_ticks
    7. Added a test for gettime in user.c to check that it works correctly
    

5. Added error handling
    1. Added the header errno.h (from: https://chromium.googlesource.com/chromiumos/docs/+/master/constants/errnos.md)
    2. Included errno.h in entry.S and sys.c 
    3. To implement void perror(void) in libc.c when write is done

6. Implemented keyboard interrupt handling
    1. Added the scan-code to character translation table and the C routine keyboard_routine in interrupt.c to read from port 0x60 and print the pressed key.
    2. Added the keyboard_handler in entry.S to save/restore context, send EOI and call keyboard_routine.
    3. Initialized the keyboard interrupt entry in IDT[33] in interrupt.c with setInterruptHandler(33, keyboard_handler, 0).
    4. Modified enable_int in hardware.S to unmask the keyboard IRQ (set mask 0xFC so timer and keyboard are enabled).

7. Implemented Write and sysenter Write
    ...
8. Implemented page fault handling
    ...

9. Basic process management scaffolding
    1. Updated sched.h (struct task_struct):
        - Added ready-queue linkage field (list).
        - Added process state field (state).
        - Added saved kernel stack pointer for context switching (kernel_esp).
        - Kept placeholders for parent/children/quantum/unblock fields as commented TODOs.
    2. Added scheduler-related public declarations in sched.h:
        - extern struct list_head readyqueue;
        - struct task_struct *list_head_to_task_struct(struct list_head *l);
    3. Updated sched.c:
        - Declared and defined global ready queue: readyqueue.
        - Implemented init_sched(void) to initialize readyqueue with INIT_LIST_HEAD.
        - Implemented list_head_to_task_struct(...) using list_entry(...).
        - Kept init_task1() and init_idle() as pending stubs.

10. Implemented initial process initialization (init_task1) and aligned boot flow
    1. Updated sched.h:
        - Added global declaration: extern struct task_struct *init_task;
    2. Implemented init_task1(void) in sched.c following Zeos.pdf section 4.4.1:
        - Allocated frames for page directory, system page table, user page table, and PCB.
        - Cleared directory/page tables with clear_page_table(...).
        - Initialized kernel mappings with set_kernel_pages(...) and user mappings with set_user_pages(...).
        - Identity-mapped process management structures in system PT using set_ss_pag(...).
        - Mapped PCB page in system PT.
        - Linked directory[0] to system PT and directory[1] to user PT (user-enabled entry).
        - Initialized PCB fields for init process (PID=1, dir_pages_baseAddr, state, list head).
        - Updated TSS kernel stack pointer (tss.esp0) and SYSENTER ESP MSR (0x175).
        - Activated init address space with set_cr3(...).
        - Stored global pointer to init process in init_task.
    3. Updated system.c to follow Zeos.pdf section 4.4.3:
        - Removed the call to prepare_mono_address_space() to avoid monoprocess initialization in multitasking flow.

11. Implemented idle process initialization (init_idle)
    1. Updated sched.h:
        - Added global declaration: extern struct task_struct *idle_task;
    2. Implemented init_idle(void) in sched.c following Zeos.pdf section 4.4.2:
        - Allocated one frame for idle page directory and one frame for idle PCB.
        - Reused init process system page table (no user page table for idle).
        - Cleared idle directory and linked its first entry to the shared system page table.
        - Mapped idle directory and idle PCB in the system page table using set_ss_pag(...).
        - Initialized idle PCB fields (PID=0, dir_pages_baseAddr, state, list head).
        - Prepared initial kernel stack context to start at cpu_idle:
            - return address = &cpu_idle
            - initial EBP value = 0
            - kernel_esp points to the saved initial EBP slot
        - Stored global pointer to idle process in idle_task.

12. Implemented process switch (task_switch + inner_task_switch)
    1. Updated sched.h:
        - Added process switch function declarations:
            - void task_switch(union task_union *new);
            - void inner_task_switch(union task_union *new);
            - void switch_stack(unsigned long *old_ebp, unsigned long new_ebp);
    2. Implemented inner_task_switch(void) in sched.c following Zeos.pdf section 4.5:
        - Updated TSS.esp0 to point to the new task kernel stack.
        - Updated SYSENTER_ESP_MSR (0x175) with the new kernel stack.
        - Changed active address space with set_cr3(get_DIR(&new->task)).
        - Called switch_stack(&current()->kernel_esp, new->task.kernel_esp) to save/restore stack context.
    3. Implemented low-level context switch helpers in hardware.S:
        - task_switch:
            - Saves callee-saved registers (esi, edi, ebx),
            - Calls inner_task_switch(new),
            - Restores registers and returns.
        - switch_stack:
            - Stores current EBP into *old_ebp,
            - Loads ESP from new_ebp,
            - Restores EBP from the new stack and returns to continue new task execution.


